<?xml version="1.0" encoding="UTF-8"?>
<!-- Generated by org.testng.reporters.JUnitReportReporter -->
<testsuite hostname="DESKTOP-35HSN4C" failures="0" tests="1" name="AuntenticationClientTest" time="5.516" errors="0" timestamp="2020-07-09T22:27:07 MSK" skipped="0">
  <testcase classname="AuntenticationClientTest" name="signUp" time="5.516"/>
  <system-out/>
</testsuite> <!-- AuntenticationClientTest -->
